<?xml version="1.0" encoding="UTF-8"?>
<!-- Generated by org.testng.reporters.JUnitReportReporter -->
<testsuite hostname="DESKTOP-6EN26E1" failures="0" tests="15" name="TestClass.LoginTestClass" time="30.186" errors="1" timestamp="2025-07-16T15:07:43 IST" skipped="7">
  <testcase classname="TestClass.LoginTestClass" name="beforeMethod" time="0.004">
    <error message="invalid browser  Firefox" type="java.lang.IllegalArgumentException">
      <![CDATA[java.lang.IllegalArgumentException: invalid browser  Firefox
at BaseClass.BaseClass.beforeMethod(BaseClass.java:43)
at java.base/jdk.internal.reflect.NativeMethodAccessorImpl.invoke0(Native Method)
at java.base/jdk.internal.reflect.NativeMethodAccessorImpl.invoke(NativeMethodAccessorImpl.java:77)
at java.base/jdk.internal.reflect.DelegatingMethodAccessorImpl.invoke(DelegatingMethodAccessorImpl.java:43)
at java.base/java.lang.reflect.Method.invoke(Method.java:568)
at org.testng.internal.invokers.MethodInvocationHelper.invokeMethod(MethodInvocationHelper.java:141)
at org.testng.internal.invokers.MethodInvocationHelper.invokeMethodConsideringTimeout(MethodInvocationHelper.java:71)
at org.testng.internal.invokers.ConfigInvoker.invokeConfigurationMethod(ConfigInvoker.java:400)
at org.testng.internal.invokers.ConfigInvoker.invokeConfigurations(ConfigInvoker.java:333)
at org.testng.internal.invokers.TestInvoker.runConfigMethods(TestInvoker.java:836)
at org.testng.internal.invokers.TestInvoker.invokeMethod(TestInvoker.java:601)
at org.testng.internal.invokers.TestInvoker.invokeTestMethod(TestInvoker.java:230)
at org.testng.internal.invokers.MethodRunner.runInSequence(MethodRunner.java:63)
at org.testng.internal.invokers.TestInvoker$MethodInvocationAgent.invoke(TestInvoker.java:995)
at org.testng.internal.invokers.TestInvoker.invokeTestMethods(TestInvoker.java:203)
at org.testng.internal.invokers.TestMethodWorker.invokeTestMethods(TestMethodWorker.java:154)
at org.testng.internal.invokers.TestMethodWorker.run(TestMethodWorker.java:134)
at java.base/java.util.ArrayList.forEach(ArrayList.java:1511)
at org.testng.TestRunner.privateRun(TestRunner.java:741)
at org.testng.TestRunner.run(TestRunner.java:616)
at org.testng.SuiteRunner.runTest(SuiteRunner.java:421)
at org.testng.SuiteRunner$SuiteWorker.run(SuiteRunner.java:463)
at org.testng.internal.thread.ThreadUtil.lambda$execute$0(ThreadUtil.java:64)
at java.base/java.util.concurrent.FutureTask.run(FutureTask.java:264)
at java.base/java.util.concurrent.ThreadPoolExecutor.runWorker(ThreadPoolExecutor.java:1136)
at java.base/java.util.concurrent.ThreadPoolExecutor$Worker.run(ThreadPoolExecutor.java:635)
at java.base/java.lang.Thread.run(Thread.java:833)
]]>
    </error>
  </testcase> <!-- beforeMethod -->
  <testcase classname="TestClass.LoginTestClass" name="verifySuccessfullLogin" time="0.000">
    <skipped/>
  </testcase> <!-- verifySuccessfullLogin -->
  <testcase classname="TestClass.LoginTestClass" name="verifySuccessfullLogin" time="11.284"/>
  <testcase classname="TestClass.LoginTestClass" name="verifyUnsuccessfullLogin" time="3.565"/>
  <testcase classname="TestClass.LoginTestClass" name="verifyUnsuccessfullLogin" time="0.001">
    <skipped/>
  </testcase> <!-- verifyUnsuccessfullLogin -->
  <testcase classname="TestClass.LoginTestClass" name="verifyUnsuccessfullLogin" time="3.478"/>
  <testcase classname="TestClass.LoginTestClass" name="verifyUnsuccessfullLogin" time="0.000">
    <skipped/>
  </testcase> <!-- verifyUnsuccessfullLogin -->
  <testcase classname="TestClass.LoginTestClass" name="verifyUnsuccessfullLogin" time="0.000">
    <skipped/>
  </testcase> <!-- verifyUnsuccessfullLogin -->
  <testcase classname="TestClass.LoginTestClass" name="verifyUnsuccessfullLogin" time="3.457"/>
  <testcase classname="TestClass.LoginTestClass" name="verifytheCurrentApplicationisloginWhileHitting" time="2.632"/>
  <testcase classname="TestClass.LoginTestClass" name="verifytheCurrentApplicationisloginWhileHitting" time="0.000">
    <skipped/>
  </testcase> <!-- verifytheCurrentApplicationisloginWhileHitting -->
  <testcase classname="TestClass.LoginTestClass" name="varifyRemembermeisCheckedOrnot" time="0.001">
    <skipped/>
  </testcase> <!-- varifyRemembermeisCheckedOrnot -->
  <testcase classname="TestClass.LoginTestClass" name="varifyRemembermeisCheckedOrnot" time="2.697"/>
  <testcase classname="TestClass.LoginTestClass" name="verifyAttributOfUsernameField" time="3.066"/>
  <testcase classname="TestClass.LoginTestClass" name="verifyAttributOfUsernameField" time="0.001">
    <skipped/>
  </testcase> <!-- verifyAttributOfUsernameField -->
</testsuite> <!-- TestClass.LoginTestClass -->
