<?xml version="1.0" encoding="UTF-8"?>
<!-- Generated by org.testng.reporters.JUnitXMLReporter -->
<testsuite ignored="3" hostname="DESKTOP-6EN26E1" failures="1" tests="14" name="Edge Test" time="116.598" errors="0" timestamp="2025-07-16T14:40:57 IST">
  <testcase classname="TestClass.DashboardTestClass" name="verifytheToolTipShowed" time="5.974"/>
  <testcase classname="TestClass.DashboardTestClass" name="verifyLogoIsDisplayed" time="6.628"/>
  <testcase classname="TestClass.LoginTestClass" name="verifySuccessfullLogin" time="6.046"/>
  <testcase classname="TestClass.LoginTestClass" name="verifyUnsuccessfullLogin" time="0.723"/>
  <testcase classname="TestClass.LoginTestClass" name="verifyUnsuccessfullLogin" time="0.671"/>
  <testcase classname="TestClass.LoginTestClass" name="verifyUnsuccessfullLogin" time="0.693"/>
  <testcase classname="TestClass.LoginTestClass" name="verifytheCurrentApplicationisloginWhileHitting" time="0.05"/>
  <testcase classname="TestClass.LoginTestClass" name="varifyRemembermeisCheckedOrnot" time="0.046"/>
  <testcase classname="TestClass.LoginTestClass" name="verifyAttributOfUsernameField" time="0.087"/>
  <testcase classname="TestClass.OppertunityTestClass" name="verifyoppertunityTitleIsvisible" time="9.475"/>
  <testcase classname="TestClass.OppertunityTestClass" name="verifySearchResultContainsTester" time="9.385">
    <failure type="java.lang.AssertionError" message="result not matching expected [true] but found [false]">
      <![CDATA[java.lang.AssertionError: result not matching expected [true] but found [false]
at TestClass.OppertunityTestClass.verifySearchResultContainsTester(OppertunityTestClass.java:41)
at java.base/java.util.ArrayList.forEach(ArrayList.java:1511)
... Removed 30 stack frames]]>
    </failure>
  </testcase> <!-- verifySearchResultContainsTester -->
  <testcase classname="TestClass.ClientTestClass" name="verifyCreateNewClient" time="12.278"/>
  <testcase classname="TestClass.ClientTestClass" name="verifySearchClientfunctionality" time="12.629"/>
  <testcase classname="TestClass.ClientTestClass" name="verifyNewClientButtonisVisible" time="8.606"/>
  <testcase classname="BaseClass.BaseClass" name="@BeforeSuite createReport" time="0.0">
    <ignored/>
  </testcase> <!-- @BeforeSuite createReport -->
  <testcase classname="BaseClass.BaseClass" name="@BeforeSuite createReport" time="0.0">
    <ignored/>
  </testcase> <!-- @BeforeSuite createReport -->
  <testcase classname="BaseClass.BaseClass" name="@BeforeSuite createReport" time="0.0">
    <ignored/>
  </testcase> <!-- @BeforeSuite createReport -->
</testsuite> <!-- Edge Test -->
